g:\turbini_engine\turbini\vendor\glfw\bin-int\debug-windows-x86_64%\{prj.name}\glfw.pdb
g:\turbini_engine\turbini\vendor\glfw\bin-int\debug-windows-x86_64%\{prj.name}\window.obj
g:\turbini_engine\turbini\vendor\glfw\bin-int\debug-windows-x86_64%\{prj.name}\win32_window.obj
g:\turbini_engine\turbini\vendor\glfw\bin-int\debug-windows-x86_64%\{prj.name}\win32_time.obj
g:\turbini_engine\turbini\vendor\glfw\bin-int\debug-windows-x86_64%\{prj.name}\win32_thread.obj
g:\turbini_engine\turbini\vendor\glfw\bin-int\debug-windows-x86_64%\{prj.name}\win32_monitor.obj
g:\turbini_engine\turbini\vendor\glfw\bin-int\debug-windows-x86_64%\{prj.name}\win32_joystick.obj
g:\turbini_engine\turbini\vendor\glfw\bin-int\debug-windows-x86_64%\{prj.name}\win32_init.obj
g:\turbini_engine\turbini\vendor\glfw\bin-int\debug-windows-x86_64%\{prj.name}\wgl_context.obj
g:\turbini_engine\turbini\vendor\glfw\bin-int\debug-windows-x86_64%\{prj.name}\vulkan.obj
g:\turbini_engine\turbini\vendor\glfw\bin-int\debug-windows-x86_64%\{prj.name}\osmesa_context.obj
g:\turbini_engine\turbini\vendor\glfw\bin-int\debug-windows-x86_64%\{prj.name}\monitor.obj
g:\turbini_engine\turbini\vendor\glfw\bin-int\debug-windows-x86_64%\{prj.name}\input.obj
g:\turbini_engine\turbini\vendor\glfw\bin-int\debug-windows-x86_64%\{prj.name}\init.obj
g:\turbini_engine\turbini\vendor\glfw\bin-int\debug-windows-x86_64%\{prj.name}\egl_context.obj
g:\turbini_engine\turbini\vendor\glfw\bin-int\debug-windows-x86_64%\{prj.name}\context.obj
g:\turbini_engine\turbini\vendor\glfw\bin\debug-windows-x86_64%\{prj.name}\glfw.lib
g:\turbini_engine\turbini\vendor\glfw\bin-int\debug-windows-x86_64%\{prj.name}\glfw.tlog\cl.command.1.tlog
g:\turbini_engine\turbini\vendor\glfw\bin-int\debug-windows-x86_64%\{prj.name}\glfw.tlog\cl.read.1.tlog
g:\turbini_engine\turbini\vendor\glfw\bin-int\debug-windows-x86_64%\{prj.name}\glfw.tlog\cl.write.1.tlog
g:\turbini_engine\turbini\vendor\glfw\bin-int\debug-windows-x86_64%\{prj.name}\glfw.tlog\lib-link.read.1.tlog
g:\turbini_engine\turbini\vendor\glfw\bin-int\debug-windows-x86_64%\{prj.name}\glfw.tlog\lib-link.write.1.tlog
g:\turbini_engine\turbini\vendor\glfw\bin-int\debug-windows-x86_64%\{prj.name}\glfw.tlog\lib.command.1.tlog
